============================[ Problem Statistics ]=============================
|                                                                             |
|  Number of variables:         15780                                         |
|  Number of clauses:         2357889                                         |
|  Parse time:                   3.66 s                                       |
|  Simplification time:          0.09 s                                       |
|                                                                             |
============================[ Search Statistics ]====================================================
| Conflicts |          ORIGINAL         |          LEARNT          | Num Sols |      SUBGRAPHS      |
|           |    Vars  Clauses Literals |    Limit  Clauses Lit/Cl |          | Canonical Noncanon. |
=====================================================================================================
|       108 |   15720  2357897 58234984 |     2000      108     21 |        0 |        17         8 |
|       259 |   15720  2357898 58235029 |     2000      259     32 |        0 |        17         9 |
|       498 |   15720  2357912 58235735 |     2000      498     37 |        0 |        21        23 |
|       844 |   15720  2357921 58236337 |     2000      844     42 |        0 |        27        32 |
|      1372 |   15720  2357943 58237862 |     2000     1372     43 |        0 |        32        54 |
|      2218 |   15720  2358030 58243000 |     3600     1218     21 |        0 |       105       141 |
|      3533 |   15720  2358206 58251648 |     3600     2533     23 |        0 |       245       317 |
|      5441 |   15720  2358406 58262027 |     5008     2649     20 |        0 |       390       517 |
|      8215 |   15720  2358618 58273877 |     6305     2920     21 |        0 |       559       729 |
|     12129 |   15720  2358688 58277227 |     7564     3693     21 |        0 |       673       799 |
|     18182 |   15720  2358975 58292557 |     8789     5971     22 |        0 |      1018      1086 |
|     27025 |   15720  2359169 58302955 |    11211     5436     20 |        0 |      1389      1280 |
|     40025 |   15720  2359195 58304357 |    13609     6634     21 |        0 |      1462      1306 |
|     59556 |   15720  2359265 58308265 |    16019    11975     28 |        0 |      1638      1376 |
|     88902 |   15720  2359419 58316378 |    19624    15526     32 |        0 |      1916      1530 |
|    132857 |   15720  2359585 58326043 |    24419    16676     28 |        0 |      2209      1696 |
|    198701 |   15720  2359745 58336962 |    30424    15525     24 |        0 |      2646      1856 |
|    297303 |   15720  2359821 58341447 |    36424    32127     39 |        0 |      2931      1932 |
|    445102 |   15720  2359831 58342108 |    44816    39918     41 |        0 |      3019      1942 |
|    666925 |   15720  2359971 58352126 |    55638    38563     30 |        0 |      3565      2082 |
|    999963 |   15720  2360484 58392987 |    67616    66579     36 |        0 |      7586      2595 |
|   1499962 |   15720  2361695 58477682 |    83243    80405     37 |        0 |     10689      3806 |
|   2249535 |   15720  2363086 58577264 |   102452    92387     39 |        0 |     16902      5197 |
|   3378206 |   15720  2369483 59037443 |   126446    83052     31 |        0 |     36688     11594 |
|   5065203 |   15720  2373069 59309188 |   155223    87626     28 |        0 |     51357     15180 |
|   7593959 |   15709  2050469 51243271 |   190050   122409     37 |        0 |     63732     18820 |
|  11390074 |   15709  2058909 51857041 |   233223   120497     28 |        0 |    111853     27260 |
|  17079530 |   15709  2066853 52433062 |   284840   254370     41 |        0 |    145893     35204 |
|  25606391 |   15708  2071383 52793126 |   349641   233032     39 |        0 |    178476     39796 |
|  38403980 |   15708  2085569 54003422 |   427636   420616     36 |        0 |    260641     53982 |
|  57602378 |   15708  2108862 55829281 |   524832   357210     33 |        0 |    408385     77275 |
=====================================================================================================
Number of solutions   : 0
Canonical subgraphs   : 516764         (7 /sec)
          order  3    : 1              (1000000 /sec)
          order  4    : 1              (1000000 /sec)
          order  5    : 1              (1000000 /sec)
          order  6    : 1              (1000000 /sec)
          order  7    : 2              (54054 /sec)
          order  8    : 6              (14599 /sec)
          order  9    : 15             (8777 /sec)
          order 10    : 37             (4021 /sec)
          order 11    : 111            (1743 /sec)
          order 12    : 346            (747 /sec)
          order 13    : 1249           (309 /sec)
          order 14    : 4791           (129 /sec)
          order 15    : 15530          (53 /sec)
          order 16    : 51262          (22 /sec)
          order 17    : 101742         (12 /sec)
          order 18    : 120443         (9 /sec)
          order 19    : 97695          (7 /sec)
          order 20    : 66614          (5 /sec)
          order 21    : 37810          (4 /sec)
          order 22    : 18240          (2 /sec)
          order 23    : 770            (2 /sec)
          order 24    : 76             (633333 /sec)
          order 25    : 19             (759999 /sec)
          order 26    : 2              (666668 /sec)
          order 27    : 0              (-nan /sec)
          order 28    : 0              (-nan /sec)
Noncanonical subgraphs: 94735          (16 /sec)
          order  3    : 0              (-nan /sec)
          order  4    : 0              (-nan /sec)
          order  5    : 0              (-nan /sec)
          order  6    : 0              (-nan /sec)
          order  7    : 0              (-nan /sec)
          order  8    : 0              (-nan /sec)
          order  9    : 0              (-nan /sec)
          order 10    : 0              (-nan /sec)
          order 11    : 0              (-nan /sec)
          order 12    : 219            (13424 /sec)
          order 13    : 527            (5139 /sec)
          order 14    : 1311           (2065 /sec)
          order 15    : 3221           (771 /sec)
          order 16    : 6555           (172 /sec)
          order 17    : 10228          (72 /sec)
          order 18    : 12856          (40 /sec)
          order 19    : 15681          (26 /sec)
          order 20    : 17255          (17 /sec)
          order 21    : 17494          (10 /sec)
          order 22    : 9294           (5 /sec)
          order 23    : 94             (2 /sec)
          order 24    : 0              (-nan /sec)
          order 25    : 0              (-nan /sec)
          order 26    : 0              (-nan /sec)
          order 27    : 0              (-nan /sec)
          order 28    : 0              (-nan /sec)
Canonicity checking   : 69440.1 s
Noncanonicity checking: 5790.97 s
Total canonicity time : 75231 s
Proof size            : 32776816181 bytes
database reductions   : 524
restarts              : 108298
conflicts             : 83265499       (410 /sec)
decisions             : 98931620       (0.00 % random) (487 /sec)
propagations          : 32586212876    (160447 /sec)
conflict literals     : 4003834156     (56.37 % deleted)
actual reward         : 0.035005
Memory used           : 1147.00 MB
CPU time              : 203096 s

UNSATISFIABLE
