instance with the same parameter has already been generated
WARNING! DIMACS header mismatch: wrong number of variables.
============================[ Problem Statistics ]=============================
|                                                                             |
|  Number of variables:          9827                                         |
|  Number of clauses:         2720248                                         |
|  Parse time:                   4.80 s                                       |
|  Simplification time:          0.13 s                                       |
|                                                                             |
============================[ Search Statistics ]====================================================
| Conflicts |          ORIGINAL         |          LEARNT          | Num Sols |      SUBGRAPHS      |
|           |    Vars  Clauses Literals |    Limit  Clauses Lit/Cl |          | Canonical Noncanon. |
=====================================================================================================
|       112 |    9777  2720260 67810495 |     2000      112     23 |        0 |        37        12 |
|       264 |    9777  2720262 67810558 |     2000      264     36 |        0 |        38        14 |
|       496 |    9777  2720269 67810797 |     2000      496     36 |        0 |        60        21 |
|       835 |    9777  2720271 67810837 |     2000      835     35 |        0 |        66        23 |
|      1353 |    9777  2720283 67811439 |     2000     1353     50 |        0 |        70        35 |
|      2135 |    9777  2720306 67812199 |     3608     1143     26 |        0 |        98        58 |
|      3290 |    9777  2720322 67812674 |     3608     2298     31 |        0 |       117        74 |
|      5007 |    9777  2720331 67812974 |     5009     2216     28 |        0 |       181        83 |
|      7577 |    9777  2720339 67813131 |     5009     4786     32 |        0 |       216        91 |
|     11569 |    9777  2720487 67820152 |     6309     6278     43 |        0 |       468       239 |
|     17414 |    9777  2720566 67824257 |     8785     5199     36 |        0 |       686       318 |
|     26150 |    9777  2720653 67828610 |    10002     9552     42 |        0 |       866       405 |
|     39253 |    9777  2720782 67833384 |    12413    12066     45 |        0 |      1236       534 |
|     58893 |    9777  2720961 67840232 |    16021    11314     32 |        0 |      1767       713 |
|     88320 |    9777  2721196 67852524 |    19620    14940     39 |        0 |      2803       948 |
|    132234 |    9777  2721321 67859744 |    24423    16057     27 |        0 |      3331      1073 |
|    198181 |    9777  2721584 67874371 |    30463    15044     20 |        0 |      4188      1336 |
|    296909 |    9777  2721786 67884658 |    36456    31765     43 |        0 |      5270      1538 |
|    444822 |    9777  2721910 67891022 |    44885    39707     45 |        0 |      6191      1662 |
|    666695 |    9777  2722100 67900059 |    55647    38342     36 |        0 |      8443      1852 |
|    999322 |    9777  2722202 67904927 |    67653    65975     51 |        0 |      9577      1954 |
|   1498269 |    9777  2722361 67912958 |    83279    78748     44 |        0 |     11178      2113 |
|   2246604 |    9777  2722514 67921403 |   102479    89483     45 |        0 |     12757      2266 |
|   3369127 |    9777  2722763 67934554 |   126463    73990     25 |        0 |     15497      2515 |
|   5052847 |    9777  2723072 67951669 |   154047   152294     47 |        0 |     20694      2824 |
|   7578441 |    9777  2723550 67978738 |   190069   106910     23 |        0 |     26052      3302 |
|  11366557 |    9777  2723991 68007102 |   232061   213018     40 |        0 |     30840      3743 |
|  17049143 |    9777  2725065 68077544 |   284888   224031     33 |        0 |     42432      4817 |
|  25575312 |    9777  2728965 68283873 |   349661   201973     23 |        0 |     63143      8717 |
=====================================================================================================
Number of solutions   : 0
Canonical subgraphs   : 63601          (50 /sec)
          order  3    : 1              (125000 /sec)
          order  4    : 4              (153846 /sec)
          order  5    : 10             (120482 /sec)
          order  6    : 24             (67606 /sec)
          order  7    : 54             (35133 /sec)
          order  8    : 108            (15878 /sec)
          order  9    : 200            (4650 /sec)
          order 10    : 321            (1293 /sec)
          order 11    : 603            (522 /sec)
          order 12    : 1469           (286 /sec)
          order 13    : 3473           (192 /sec)
          order 14    : 6210           (103 /sec)
          order 15    : 12726          (63 /sec)
          order 16    : 13496          (59 /sec)
          order 17    : 10016          (45 /sec)
          order 18    : 5697           (36 /sec)
          order 19    : 3616           (31 /sec)
          order 20    : 2567           (26 /sec)
          order 21    : 1808           (20 /sec)
          order 22    : 1102           (14 /sec)
          order 23    : 78             (15 /sec)
          order 24    : 17             (9 /sec)
          order 25    : 1              (5 /sec)
          order 26    : 0              (-nan /sec)
          order 27    : 0              (-nan /sec)
          order 28    : 0              (-nan /sec)
Noncanonical subgraphs: 8943           (178 /sec)
          order  3    : 0              (-nan /sec)
          order  4    : 0              (-nan /sec)
          order  5    : 0              (-nan /sec)
          order  6    : 0              (-nan /sec)
          order  7    : 0              (-nan /sec)
          order  8    : 6              (65217 /sec)
          order  9    : 28             (37992 /sec)
          order 10    : 135            (31454 /sec)
          order 11    : 191            (14991 /sec)
          order 12    : 338            (6131 /sec)
          order 13    : 486            (5305 /sec)
          order 14    : 684            (659 /sec)
          order 15    : 811            (1090 /sec)
          order 16    : 1381           (799 /sec)
          order 17    : 1049           (360 /sec)
          order 18    : 1081           (141 /sec)
          order 19    : 777            (149 /sec)
          order 20    : 652            (105 /sec)
          order 21    : 565            (64 /sec)
          order 22    : 518            (45 /sec)
          order 23    : 187            (53 /sec)
          order 24    : 45             (52 /sec)
          order 25    : 9              (88 /sec)
          order 26    : 0              (-nan /sec)
          order 27    : 0              (-nan /sec)
          order 28    : 0              (-nan /sec)
Canonicity checking   : 1284.51 s
Noncanonicity checking: 50.3766 s
Total canonicity time : 1334.88 s
database reductions   : 296
restarts              : 36862
conflicts             : 26889521       (400 /sec)
decisions             : 32168898       (0.00 % random) (479 /sec)
propagations          : 9456562118     (140691 /sec)
conflict literals     : 1705972867     (42.52 % deleted)
actual reward         : 0.035636
Memory used           : 1190.00 MB
CPU time              : 67215 s

UNSATISFIABLE
ERROR: Proof not verified
VERIFIED: All 8943 noncanonical blocking clauses verified with 0 complete solutions found (119.71 sec)
checking max clique size...

Description:
    Updated on 2023-01-11
    Given Ramsey graph candidate, this script check whether a candidate is indeed
    a Ramsey graph via max clique size per colour.

Usage:
    ./4-check-clique-size.sh n p q

Options:
    <n>: the order of the instance/number of vertices in the graph
    <p>: p
    <q>: q

./summary.sh 28 3 8 c 100000 2 2 0
expecting log files in the main directory
log file 'constraints_28_c_100000_2_2_0_final.simp.log' not found
slurmstepd: error: Detected 1 oom-kill event(s) in StepId=7126029.batch. Some of your processes may have been killed by the cgroup out-of-memory handler.
