instance already generated
constraints_28_3_8
skipping the first simplification
constraints_28_3_8_c_100000_2_2_0.noncanonical
constraints_28_3_8_c_100000_2_2_0.noncanonical already exist, skip adding non canonical subgraph
simplifying for 100000 conflicts
c --- [ banner ] -------------------------------------------------------------
c 
c CaDiCaL Radically Simplified CDCL SAT Solver
c Copyright (c) 2016-2021 A. Biere, M. Fleury, N. Froleyks
c 
c Version 1.5.3 84b44398e6346f387182a4ab0fe23ddffd7c8570
c g++ (GCC) 9.3.0 -Wall -Wextra -O3 -DNDEBUG
c Thu Mar 23 20:32:30 EDT 2023 Linux gra602 3.10.0-1160.80.1.el7.x86_64 x86_64
c 
c --- [ limit ] --------------------------------------------------------------
c 
c setting conflict limit to 100000 conflicts (due to '100000')
c 
c --- [ parsing input ] ------------------------------------------------------
c 
c reading DIMACS file from 'constraints_28_3_8_c_100000_2_2_0.noncanonical'
c opening file to read 'constraints_28_3_8_c_100000_2_2_0.noncanonical'
c found 'p cnf 9828 3140390' header
c parsed 3140390 clauses in 5.55 seconds process time
c closing file 'constraints_28_3_8_c_100000_2_2_0.noncanonical'
c after reading 417026546 bytes 397.7 MB
c 
c --- [ options ] ------------------------------------------------------------
c 
c all options are set to their default value
c 
c --- [ solving ] ------------------------------------------------------------
c 
c time measured in process time since initialization
c 
c  seconds   reductions  redundant   irredundant
c          MB    restarts       trail       variables
c           level   conflicts       glue         remaining
c 
c *  5.55 554  0 0   0    0    0  0% 0 3140390 9828 100%
c {  6.08 732  0 0   0    0    0  0% 0 3140390 9828 100%
c i  6.11 732 3078 0   0  156   97 45% 18 3140390 9827 100%
c -  6.95 789 1422 1   1  301  205 31% 15 3140360 9827 100%
c } 12.35 915 409 1  68 1003  792 22% 15 3140360 9827 100%
c [ 12.35 915  0 1  68 1003  792  0% 0 3140360 9827 100%
c O 12.40 915  0 1  68 1004  792 19% 0 3140360 9827 100%
c i 12.40 915  0 1  68 1004  792 19% 0 3140360 9826 100%
c i 12.73 919  2 1  68 1025  806 28% 2 3140360 9824 100%
c - 19.75 1270 42 2  68 1799 1431 28% 22 2732824 9824 100%
c ] 21.61 1270 47 2  69 3005 2515 30% 27 2732824 9824 100%
c { 21.61 1270 409 2  69 3005 2515 22% 15 2732824 9824 100%
c F 21.65 1270 408 2  69 3006 2516 22% 15 2732824 9824 100%
c - 30.03 1271 218 3 209 3995 2632 22% 15 2732824 9824 100%
c i 31.15 1271 212 3 215 4075 2708 22% 16 2732824 9779 100%
c i 31.21 1271 211 3 217 4085 2715 22% 16 2732824 9771 99%
c i 31.21 1271 211 3 218 4086 2715 22% 15 2732824 9668 98%
c p 48.94 1271 160 3 344 5002 14146 22% 16 2732824 9454 96%
c # 60.85 1272 131 3 502 6007 15051 22% 17 2732824 9454 96%
c - 67.35 1093 109 4 502 6918 3891 23% 16 2729843 9454 96%
c 
c  seconds     reductions  redundant    irredundant
c          MB      restarts       trail        variables
c             level   conflicts       glue          remaining
c 
c } 67.77 1094 107 4 502 7008 3967 23% 15 2729843 9454 96%
c [ 67.77 1094 47 4 502 7008 3967 30% 27 2729843 9454 96%
c I 74.49 1094 32 4 504 10008 6603 29% 19 2729843 9454 96%
c - 76.82 1094 30 5 505 10572 4832 29% 18 2729843 9454 96%
c - 95.33 1094 23 6 507 14957 5729 29% 14 2729843 9454 96%
c 2 96.04 1094 23 6 507 15002 12119 29% 14 2729843 9454 96%
c p 99.37 1094 23 6 507 15002 16175 29% 14 2729843 9454 96%
c ] 100.01 1094 23 6 507 15009 16181 29% 14 2729843 9454 96%
c { 100.01 1094 107 6 507 15009 16181 23% 15 2729843 9454 96%
c B 100.11 1094 107 6 507 15010 16182 23% 15 2729843 9454 96%
c s 108.80 1094 88 6 676 16640 16810 23% 16 2728609 9454 96%
c w 136.86 1094 88 6 676 16640 16804 23% 16 2725141 9454 96%
c t 136.93 1094 88 6 676 16640 16793 23% 16 2725089 9454 96%
c e 139.74 1098 88 6 676 16640 12708 23% 16 2720635 6785 69%
c s 140.16 1098 88 6 676 16640 12702 23% 16 2720601 6785 69%
c - 173.30 1109 71 7 1015 20073 7470 16% 16 2720601 6785 69%
c W 187.15 1109 69 7 1182 21011 8337 16% 16 2720601 6785 69%
c - 225.73 1110 57 8 1546 25917 8018 18% 16 2720601 6785 69%
c F 226.68 1110 51 8 1546 28013 9964 18% 15 2720601 6785 69%
c 2 232.56 1110 48 8 1644 30002 18655 17% 15 2720601 6785 69%
c 
c  seconds     reductions     redundant    irredundant
c           MB     restarts          trail        variables
c             level     conflicts        glue          remaining
c 
c p 233.77 1110 48 8 1644 30002 19820 17% 15 2720601 6785 69%
c } 234.24 1110 46 8 1644 31010 20419 17% 15 2720601 6785 69%
c [ 234.24 1110 23 8 1644 31010 20419 42% 14 2720601 6785 69%
c - 235.73 1109 22 9 1644 32490 7885 38% 14 2720601 6785 69%
c B 235.92 1109 20 9 1647 36014 9676 31% 14 2720601 6785 69%
c - 242.08 1109 21 10 1650 39793 8224 29% 14 2720601 6785 69%
c W 268.65 1109 21 10 1651 45015 12541 27% 15 2720601 6785 69%
c - 277.80 1110 21 11 1652 47827 9962 26% 15 2720601 6785 69%
c p 283.41 1110 21 11 1652 50004 18758 26% 15 2720601 6785 69%
c s 286.99 1110 21 11 1652 51230 19681 26% 15 2720460 6785 69%
c v 331.75 1110 21 11 1652 51230 19681 26% 15 2720401 6785 69%
c w 334.36 1110 21 11 1652 51230 18895 26% 15 2720401 6785 69%
c t 334.41 1110 21 11 1652 51230 18894 26% 15 2720365 6785 69%
c e 336.86 1103 21 11 1652 51230 18890 26% 15 2720361 6781 69%
c s 337.42 1103 21 11 1652 51230 18890 26% 15 2720248 6781 69%
c O 348.87 1117 20 11 1653 55016 21538 25% 15 2720248 6781 69%
c - 351.49 1117 20 12 1655 56593 10533 25% 15 2720248 6781 69%
c ] 360.59 1117 22 12 1659 63010 16303 24% 16 2720248 6781 69%
c { 360.59 1117 46 12 1659 63010 16303 17% 15 2720248 6781 69%
c B 372.16 1117 43 12 1811 66018 18435 15% 15 2720248 6781 69%
c 
c  seconds     reductions      redundant    irredundant
c           MB      restarts          trail        variables
c             level      conflicts        glue          remaining
c 
c - 374.11 1117 43 13 1822 66087 11517 15% 15 2720248 6781 69%
c p 418.15 1117 38 13 2359 75004 25797 14% 15 2720248 6781 69%
c - 428.93 1117 37 14 2480 76312 11609 14% 15 2720248 6781 69%
c W 439.79 1117 37 14 2527 78021 12985 14% 15 2720248 6781 69%
c - 490.88 1117 34 15 3116 87268 12699 14% 15 2720248 6781 69%
c # 531.75 1117 35 15 3808 91022 16193 14% 15 2720248 6781 69%
c - 562.42 1118 32 16 4068 98954 15350 16% 15 2720248 6781 69%
c } 564.74 1118 32 16 4068 100001 16210 16% 15 2720248 6781 69%
c ? 564.74 1118 32 16 4068 100001 16210 16% 15 2720248 6781 69%
c 
c --- [ writing output ] -----------------------------------------------------
c 
c writing simplified CNF to DIMACS file 'simp/constraints_28_3_8_c_100000_2_2_0.noncanonical.simp1'
c * 564.74 1118 32 16 4068 100001 16210 16% 15 2720248 6781 69%
c opening file to write 'simp/constraints_28_3_8_c_100000_2_2_0.noncanonical.simp1'
c writing 'p cnf 9828 2720248' header
c closing file 'simp/constraints_28_3_8_c_100000_2_2_0.noncanonical.simp1'
c after writing 326111432 bytes 311.0 MB
c wrote 2720248 clauses in 3.14 seconds process time
c 
c --- [ writing extension ] --------------------------------------------------
c 
c writing extension stack to 'simp/constraints_28_3_8_c_100000_2_2_0.noncanonical.ext1'
c opening file to write 'simp/constraints_28_3_8_c_100000_2_2_0.noncanonical.ext1'
c closing file 'simp/constraints_28_3_8_c_100000_2_2_0.noncanonical.ext1'
c after writing 160783 bytes 0.2 MB
c wrote 7328 witnesses in 0.00 seconds process time
c 
c --- [ result ] -------------------------------------------------------------
c 
c UNKNOWN
c 
c --- [ run-time profiling ] -------------------------------------------------
c 
c process time taken by individual solving procedures
c (percentage relative to process time for solving)
c 
c       453.90   81.17% search
c       337.39   60.34% unstable
c       105.28   18.83% simplify
c        87.94   15.73% stable
c        74.95   13.40% vivify
c        28.04    5.01% walk
c        14.55    2.60% probe
c         9.40    1.68% elim
c         5.55    0.99% parse
c         1.99    0.36% subsume
c         1.65    0.29% ternary
c         0.53    0.09% lucky
c   =================================
c       559.18   98.47% solve
c 
c last line shows process time for solving
c (percentage relative to total process time)
c 
c --- [ statistics ] ---------------------------------------------------------
c 
c chronological:             22727        22.73 %  of conflicts
c conflicts:                100001       178.83    per second
c decisions:                314670       562.73    per second
c eliminated:                 2673        27.20 %  of all variables
c fixed:                       374         3.81 %  of all variables
c learned:                   97461        97.46 %  per conflict
c learned_lits:            4848338       100.00 %  learned literals
c minimized:                     0         0.00 %  learned literals
c shrunken:                1504137        31.02 %  learned literals
c minishrunken:             422265         8.71 %  learned literals
c propagations:           20517143         0.04 M  per second
c reduced:                   63558        63.56 %  per conflict
c rephased:                     13      7692.38    interval
c restarts:                   4068        24.58    interval
c stabilizing:                   3        42.00 %  of conflicts
c subsumed:                  19724         0.30 %  of all clauses
c strengthened:              24162         0.37 %  of all clauses
c ternary:                   32892         0.71 %  of resolved
c vivified:                   4470         0.07 %  of all clauses
c walked:                        3     33333.67    interval
c weakened:                   6954         2.62    average size
c 
c seconds are measured in process time for solving
c 
c --- [ resources ] ----------------------------------------------------------
c 
c total process time since initialization:       567.88    seconds
c total real time since initialization:          568.91    seconds
c maximum resident set size of process:         1602.02    MB
c 
c --- [ shutting down ] ------------------------------------------------------
c 
c exit 0
100001 conflicts used for simplification
Called CaDiCaL 1 times
preprocessing complete. final instance is constraints_28_3_8_c_100000_2_2_0.simp2. Renaming it as constraints_28_3_8_c_100000_2_2_0_final.simp
WARNING! DIMACS header mismatch: wrong number of variables.
checking max clique size...

Description:
    Updated on 2023-01-11
    Given Ramsey graph candidate, this script check whether a candidate is indeed
    a Ramsey graph via max clique size per colour.

Usage:
    ./4-check-clique-size.sh n p q

Options:
    <n>: the order of the instance/number of vertices in the graph
    <p>: p
    <q>: q

expecting log files in the main directory
log file 'constraints_28_c_100000_2_2_0_final.simp.log' not found
