10043
10258
10473
10688
10903
11118
11333
11548
11763
11978
12193
12408
12623
12838
13053
13268
13483
13698
13913
14128
14343
14558
14773
14988
15203
15418
15633
15848
constraints_28_3_8
skipping the first simplification
constraints_28_3_8_c_100000_2_2_0.noncanonical
constraints_28_3_8_c_100000_2_2_0.noncanonical already exist, skip adding non canonical subgraph
simplifying for 100000 conflicts
c --- [ banner ] -------------------------------------------------------------
c 
c CaDiCaL Radically Simplified CDCL SAT Solver
c Copyright (c) 2016-2021 A. Biere, M. Fleury, N. Froleyks
c 
c Version 1.5.3 84b44398e6346f387182a4ab0fe23ddffd7c8570
c g++ (GCC) 9.3.0 -Wall -Wextra -O3 -DNDEBUG
c Thu Mar 23 20:32:30 EDT 2023 Linux gra602 3.10.0-1160.80.1.el7.x86_64 x86_64
c 
c --- [ limit ] --------------------------------------------------------------
c 
c setting conflict limit to 100000 conflicts (due to '100000')
c 
c --- [ proof tracing ] ------------------------------------------------------
c 
c opening file to write 'constraints_28_3_8_c_100000_2_2_0.noncanonical.drat'
c writing binary proof trace to 'constraints_28_3_8_c_100000_2_2_0.noncanonical.drat'
c 
c --- [ parsing input ] ------------------------------------------------------
c 
c reading DIMACS file from 'constraints_28_3_8_c_100000_2_2_0.noncanonical'
c opening file to read 'constraints_28_3_8_c_100000_2_2_0.noncanonical'
c found 'p cnf 9828 3140384' header
c parsed 3140384 clauses in 5.62 seconds process time
c closing file 'constraints_28_3_8_c_100000_2_2_0.noncanonical'
c after reading 417026065 bytes 397.7 MB
c 
c --- [ options ] ------------------------------------------------------------
c 
c all options are set to their default value
c 
c --- [ solving ] ------------------------------------------------------------
c 
c time measured in process time since initialization
c 
c  seconds   reductions  redundant   irredundant
c          MB    restarts       trail       variables
c           level   conflicts       glue         remaining
c 
c *  5.62 553  0 0   0    0    0  0% 0 3140384 9828 100%
c {  6.10 730  0 0   0    0    0  0% 0 3140384 9828 100%
c i  6.12 730 3078 0   0  156   97 45% 18 3140384 9827 100%
c -  7.03 787 1422 1   1  301  205 31% 15 3140354 9827 100%
c } 11.37 912 409 1  68 1003  792 22% 15 3140354 9827 100%
c [ 11.37 912  0 1  68 1003  792  0% 0 3140354 9827 100%
c O 11.41 912  0 1  68 1004  792 19% 0 3140354 9827 100%
c i 11.41 912  0 1  68 1004  792 19% 0 3140354 9826 100%
c i 11.66 916  2 1  68 1025  806 28% 2 3140354 9824 100%
c - 17.50 1267 42 2  68 1799 1431 28% 22 2732818 9824 100%
c ] 18.87 1267 47 2  69 3005 2515 30% 27 2732818 9824 100%
c { 18.87 1267 409 2  69 3005 2515 22% 15 2732818 9824 100%
c F 18.90 1267 408 2  69 3006 2516 22% 15 2732818 9824 100%
c - 25.50 1272 218 3 209 3995 2632 22% 15 2732818 9824 100%
c i 26.35 1272 212 3 215 4075 2708 22% 16 2732818 9779 100%
c i 26.38 1272 211 3 217 4085 2715 22% 16 2732818 9771 99%
c i 26.38 1272 211 3 218 4086 2715 22% 15 2732818 9668 98%
c p 40.73 1274 160 3 344 5002 14146 22% 16 2732818 9454 96%
c # 50.10 1276 131 3 502 6007 15051 22% 17 2732818 9454 96%
c - 57.03 1251 109 4 502 6918 3891 23% 16 2729837 9454 96%
c 
c  seconds     reductions  redundant    irredundant
c          MB      restarts       trail        variables
c             level   conflicts       glue          remaining
c 
c } 57.35 1251 107 4 502 7008 3967 23% 15 2729837 9454 96%
c [ 57.35 1251 47 4 502 7008 3967 30% 27 2729837 9454 96%
c I 62.36 1251 32 4 504 10008 6603 29% 19 2729837 9454 96%
c - 64.27 1251 30 5 505 10572 4832 29% 18 2729837 9454 96%
c - 78.54 1251 23 6 507 14957 5729 29% 14 2729837 9454 96%
c 2 79.20 1251 23 6 507 15002 12119 29% 14 2729837 9454 96%
c p 82.39 1252 23 6 507 15002 16175 29% 14 2729837 9454 96%
c ] 82.99 1252 23 6 507 15009 16181 29% 14 2729837 9454 96%
c { 82.99 1252 107 6 507 15009 16181 23% 15 2729837 9454 96%
c B 83.08 1252 107 6 507 15010 16182 23% 15 2729837 9454 96%
c s 91.09 1252 88 6 676 16640 16810 23% 16 2728603 9454 96%
c w 114.45 1252 88 6 676 16640 16804 23% 16 2725135 9454 96%
c t 114.51 1252 88 6 676 16640 16793 23% 16 2725083 9454 96%
c e 116.99 1301 88 6 676 16640 12708 23% 16 2720629 6785 69%
c s 117.40 1301 88 6 676 16640 12702 23% 16 2720595 6785 69%
c - 143.58 1301 71 7 1015 20073 7470 16% 16 2720595 6785 69%
c W 154.36 1301 69 7 1182 21011 8337 16% 16 2720595 6785 69%
c - 180.64 1302 58 8 1470 25916 8043 17% 16 2720595 6785 69%
c F 185.29 1302 53 8 1470 28013 9819 18% 16 2720595 6785 69%
c i 188.42 1302 50 8 1470 29276 10714 19% 15 2720595 6782 69%
c 
c  seconds     reductions     redundant    irredundant
c           MB     restarts          trail        variables
c             level     conflicts        glue          remaining
c 
c p 194.05 1302 49 8 1521 30002 19357 19% 15 2720595 6781 69%
c } 202.40 1302 49 8 1646 31010 20290 19% 15 2720595 6781 69%
c [ 202.40 1302 23 8 1646 31010 20290 42% 14 2720595 6781 69%
c - 205.50 1287 24 9 1646 32489 7774 40% 15 2585852 6781 69%
c B 208.21 1287 25 9 1649 36014 10713 36% 16 2585852 6781 69%
c - 214.36 1287 26 10 1651 39726 9128 34% 17 2585852 6781 69%
c W 240.84 1104 26 10 1653 45015 13246 31% 17 2585852 6781 69%
c - 249.34 1104 26 11 1654 47689 9985 30% 17 2585852 6781 69%
c 2 255.07 1104 26 11 1654 50002 18435 30% 17 2585848 6781 69%
c p 256.08 1104 26 11 1654 50002 18861 30% 17 2585848 6781 69%
c s 258.73 1104 26 11 1654 51231 19796 29% 17 2585317 6781 69%
c v 292.78 1104 26 11 1654 51231 19796 29% 17 2585221 6781 69%
c w 294.97 1104 26 11 1654 51231 18990 29% 17 2585221 6781 69%
c t 295.02 1104 26 11 1654 51231 18988 29% 17 2585184 6781 69%
c e 297.39 1110 26 11 1654 51231 18445 29% 17 2583997 6383 65%
c s 297.90 1110 26 11 1654 51231 18445 29% 17 2583613 6383 65%
c O 307.22 1112 26 11 1655 55016 21543 28% 17 2583613 6383 65%
c - 310.54 1112 26 12 1656 56374 11541 28% 18 2583613 6383 65%
c ] 316.45 1112 26 12 1661 63011 16893 27% 18 2583613 6383 65%
c { 316.45 1112 49 12 1661 63011 16893 19% 15 2583613 6383 65%
c 
c  seconds     reductions      redundant    irredundant
c           MB      restarts          trail        variables
c             level      conflicts        glue          remaining
c 
c - 326.72 1112 46 13 1765 65782 12229 19% 15 2583613 6383 65%
c B 327.04 1112 45 13 1765 66018 12392 19% 15 2583613 6383 65%
c p 340.88 1112 36 13 1924 75002 23846 15% 14 2583613 6383 65%
c - 342.18 1112 36 14 1924 75914 9883 14% 14 2583613 6383 65%
c W 348.20 1112 34 14 1924 78019 11298 14% 14 2583613 6383 65%
c - 363.80 1112 30 15 2214 86771 10254 12% 13 2583613 6383 65%
c # 373.92 1112 29 15 2323 91022 13336 12% 13 2583613 6383 65%
c - 417.49 1112 29 16 3297 98349 14316 13% 13 2583613 6383 65%
c } 423.27 1112 29 16 3406 100001 15733 13% 13 2583613 6383 65%
c ? 423.27 1112 29 16 3406 100001 15733 13% 13 2583613 6383 65%
c 
c --- [ closing proof ] ------------------------------------------------------
c 
c traced 2602403 added and 3143063 deleted clauses
c closing file 'constraints_28_3_8_c_100000_2_2_0.noncanonical.drat'
c after writing 273021345 bytes 260.4 MB
c 
c --- [ writing output ] -----------------------------------------------------
c 
c writing simplified CNF to DIMACS file 'simp/constraints_28_3_8_c_100000_2_2_0.noncanonical.simp1'
c * 423.27 1112 29 16 3406 100001 15733 13% 13 2583613 6383 65%
c opening file to write 'simp/constraints_28_3_8_c_100000_2_2_0.noncanonical.simp1'
c writing 'p cnf 9828 2583613' header
c closing file 'simp/constraints_28_3_8_c_100000_2_2_0.noncanonical.simp1'
c after writing 311027488 bytes 296.6 MB
c wrote 2583613 clauses in 2.88 seconds process time
c 
c --- [ writing extension ] --------------------------------------------------
c 
c writing extension stack to 'simp/constraints_28_3_8_c_100000_2_2_0.noncanonical.ext1'
c opening file to write 'simp/constraints_28_3_8_c_100000_2_2_0.noncanonical.ext1'
c closing file 'simp/constraints_28_3_8_c_100000_2_2_0.noncanonical.ext1'
c after writing 191541 bytes 0.2 MB
c wrote 8587 witnesses in 0.00 seconds process time
c 
c --- [ result ] -------------------------------------------------------------
c 
c UNKNOWN
c 
c --- [ run-time profiling ] -------------------------------------------------
c 
c process time taken by individual solving procedures
c (percentage relative to process time for solving)
c 
c       332.45   79.60% search
c       224.61   53.78% unstable
c        85.20   20.40% simplify
c        80.64   19.31% stable
c        59.18   14.17% vivify
c        26.73    6.40% walk
c        11.71    2.80% probe
c         8.65    2.07% elim
c         5.62    1.35% parse
c         1.95    0.47% subsume
c         1.47    0.35% ternary
c         0.48    0.11% lucky
c   =================================
c       417.65   98.00% solve
c 
c last line shows process time for solving
c (percentage relative to total process time)
c 
c --- [ statistics ] ---------------------------------------------------------
c 
c chronological:             23690        23.69 %  of conflicts
c conflicts:                100001       239.44    per second
c decisions:                275549       659.76    per second
c eliminated:                 3067        31.21 %  of all variables
c fixed:                       378         3.85 %  of all variables
c learned:                   97487        97.49 %  per conflict
c learned_lits:            4709030       100.00 %  learned literals
c minimized:                     0         0.00 %  learned literals
c shrunken:                1638293        34.79 %  learned literals
c minishrunken:             435190         9.24 %  learned literals
c propagations:           19863131         0.05 M  per second
c reduced:                   61726        61.73 %  per conflict
c rephased:                     13      7692.38    interval
c restarts:                   3406        29.36    interval
c stabilizing:                   3        42.00 %  of conflicts
c subsumed:                  21788         0.33 %  of all clauses
c strengthened:              31005         0.47 %  of all clauses
c ternary:                   32441         0.70 %  of resolved
c vivified:                   4616         0.07 %  of all clauses
c walked:                        3     33333.67    interval
c weakened:                   8209         2.68    average size
c 
c seconds are measured in process time for solving
c 
c --- [ resources ] ----------------------------------------------------------
c 
c total process time since initialization:       426.15    seconds
c total real time since initialization:          427.21    seconds
c maximum resident set size of process:         1606.68    MB
c 
c --- [ shutting down ] ------------------------------------------------------
c 
c exit 0
c turning on binary mode checking
c parsing input formula with 9828 variables and 3140384 clauses
c finished parsing, read 273021345 bytes from proof file
c start forward verification

c 1619046 of 3140384 clauses in core                            
c 713056 of 2602404 lemmas in core using 32663924 resolution steps
c 0 RAT lemmas in core; 0 redundant literals in core lemmas
c optimized proofs are not supported for forward checking
c VERIFIED derivation: all lemmas preserve satisfiability
c WARNING: no empty clause detected, this is not a refutation
s DERIVATION
c verification time: 5601.214 seconds
100001 conflicts used for simplification
Called CaDiCaL 1 times
preprocessing complete. final instance is constraints_28_3_8_c_100000_2_2_0.simp2. Renaming it as constraints_28_3_8_c_100000_2_2_0_final.simp
WARNING! DIMACS header mismatch: wrong number of variables.
============================[ Problem Statistics ]=============================
|                                                                             |
|  Number of variables:          9827                                         |
|  Number of clauses:         2583613                                         |
|  Parse time:                   4.29 s                                       |
|  Simplification time:          0.11 s                                       |
|                                                                             |
============================[ Search Statistics ]====================================================
| Conflicts |          ORIGINAL         |          LEARNT          | Num Sols |      SUBGRAPHS      |
|           |    Vars  Clauses Literals |    Limit  Clauses Lit/Cl |          | Canonical Noncanon. |
=====================================================================================================
|       112 |    9774  2583625 64473793 |     2000      112     32 |        0 |        20        12 |
|       268 |    9774  2583631 64473971 |     2000      268     49 |        0 |        23        18 |
|       500 |    9774  2583638 64474170 |     2000      500     41 |        0 |        38        25 |
|       848 |    9774  2583649 64474518 |     2000      848     41 |        0 |        91        36 |
|      1376 |    9774  2583671 64475340 |     2000     1376     40 |        0 |       157        58 |
|      2211 |    9774  2583747 64478967 |     3607     1218     29 |        0 |       386       134 |
|      3380 |    9774  2583777 64480381 |     3607     2387     47 |        0 |       453       164 |
|      5120 |    9774  2583809 64481757 |     5007     2327     34 |        0 |       561       196 |
|      7693 |    9774  2583820 64482209 |     5007     4900     46 |        0 |       627       207 |
|     11601 |    9774  2583884 64483772 |     6316     6317     34 |        0 |       779       271 |
|     17387 |    9774  2583904 64484334 |     8782     5169     20 |        0 |       821       291 |
|     26053 |    9774  2583921 64484881 |     9992     9445     20 |        0 |       836       308 |
|     39269 |    9774  2584163 64495019 |    12410    12079     41 |        0 |      1362       550 |
|     58823 |    9774  2584256 64499138 |    16030    11253     28 |        0 |      1689       643 |
|     88150 |    9774  2584391 64506594 |    19633    14783     37 |        0 |      2285       778 |
|    132142 |    9774  2584594 64516494 |    24431    15973     26 |        0 |      3115       981 |
|    197954 |    9774  2584722 64521880 |    30473    14827     18 |        0 |      4014      1109 |
|    296602 |    9774  2584844 64527814 |    36451    31453     42 |        0 |      5288      1231 |
|    444599 |    9774  2585052 64539247 |    44863    39462     36 |        0 |      6738      1439 |
|    666413 |    9774  2585183 64545842 |    55647    38060     30 |        0 |      7950      1570 |
|    999034 |    9774  2585279 64550944 |    67659    65693     40 |        0 |      8901      1666 |
|   1497941 |    9774  2585398 64557416 |    83274    78415     39 |        0 |     10283      1785 |
|   2246314 |    9774  2585589 64567524 |   102452    89166     32 |        0 |     12356      1976 |
|   3368829 |    9774  2585830 64580678 |   126445    73674     23 |        0 |     15223      2217 |
|   5052472 |    9774  2586062 64594465 |   154044   151916     40 |        0 |     17781      2449 |
|   7578729 |    9774  2587203 64670253 |   190045   107174     21 |        0 |     34545      3590 |
|  11366932 |    9774  2587731 64703317 |   232051   213383     38 |        0 |     40922      4118 |
|  17050737 |    9639  2169246 54889216 |   265911   206648     22 |        0 |     50464      6411 |
=====================================================================================================
Number of solutions   : 0
Canonical subgraphs   : 50466          (45 /sec)
          order  3    : 1              (125000 /sec)
          order  4    : 1              (250000 /sec)
          order  5    : 4              (100000 /sec)
          order  6    : 12             (55814 /sec)
          order  7    : 25             (27293 /sec)
          order  8    : 58             (9163 /sec)
          order  9    : 121            (3188 /sec)
          order 10    : 217            (1127 /sec)
          order 11    : 467            (445 /sec)
          order 12    : 1241           (249 /sec)
          order 13    : 2943           (176 /sec)
          order 14    : 4960           (92 /sec)
          order 15    : 11225          (60 /sec)
          order 16    : 11105          (56 /sec)
          order 17    : 7746           (43 /sec)
          order 18    : 3994           (32 /sec)
          order 19    : 2227           (24 /sec)
          order 20    : 1635           (20 /sec)
          order 21    : 1408           (17 /sec)
          order 22    : 1024           (12 /sec)
          order 23    : 39             (9 /sec)
          order 24    : 13             (6 /sec)
          order 25    : 0              (-nan /sec)
          order 26    : 0              (-nan /sec)
          order 27    : 0              (-nan /sec)
          order 28    : 0              (-nan /sec)
Noncanonical subgraphs: 6412           (339 /sec)
          order  3    : 0              (-nan /sec)
          order  4    : 0              (-nan /sec)
          order  5    : 0              (-nan /sec)
          order  6    : 0              (-nan /sec)
          order  7    : 0              (-nan /sec)
          order  8    : 2              (44444 /sec)
          order  9    : 8              (35874 /sec)
          order 10    : 90             (27256 /sec)
          order 11    : 151            (14005 /sec)
          order 12    : 237            (5598 /sec)
          order 13    : 365            (4207 /sec)
          order 14    : 598            (607 /sec)
          order 15    : 828            (1138 /sec)
          order 16    : 1402           (907 /sec)
          order 17    : 1094           (471 /sec)
          order 18    : 838            (167 /sec)
          order 19    : 397            (198 /sec)
          order 20    : 225            (115 /sec)
          order 21    : 87             (55 /sec)
          order 22    : 75             (37 /sec)
          order 23    : 6              (22 /sec)
          order 24    : 9              (27 /sec)
          order 25    : 0              (-nan /sec)
          order 26    : 0              (-nan /sec)
          order 27    : 0              (-nan /sec)
          order 28    : 0              (-nan /sec)
Canonicity checking   : 1116.43 s
Noncanonicity checking: 18.9011 s
Total canonicity time : 1135.33 s
database reductions   : 238
restarts              : 26067
conflicts             : 17497657       (426 /sec)
decisions             : 21160172       (0.00 % random) (515 /sec)
propagations          : 5709342489     (138861 /sec)
conflict literals     : 992764032      (44.39 % deleted)
actual reward         : 0.037972
Memory used           : 1163.00 MB
CPU time              : 41115.6 s

UNSATISFIABLE
c parsing input formula with 9828 variables and 2583666 clauses
c finished parsing
c detected empty clause; start verification via backward checking
c 279352 of 2583666 clauses in core                            
c 15919609 of 17504070 lemmas in core using 1858083087 resolution steps
c 0 RAT lemmas in core; 20748791 redundant literals in core lemmas
s VERIFIED
c verification time: 93008.865 seconds
VERIFIED: All 6412 noncanonical blocking clauses verified with 0 complete solutions found (89.0 sec)
checking max clique size...

Description:
    Updated on 2023-01-11
    Given Ramsey graph candidate, this script check whether a candidate is indeed
    a Ramsey graph via max clique size per colour.

Usage:
    ./4-check-clique-size.sh n p q

Options:
    <n>: the order of the instance/number of vertices in the graph
    <p>: p
    <q>: q

./summary.sh 28 3 8 c 100000 2 2 0
expecting log files in the main directory
log file 'constraints_28_c_100000_2_2_0_final.simp.log' not found
